<?xml version="1.0" encoding="UTF-8" ?>
<testsuite failures="0" time="0.006" errors="1" skipped="0" tests="1" name="com.hxcy.core.repository.JpaMappingTest">
  <properties>
[...]
</properties>
  <testcase time="0.006" classname="com.hxcy.core.repository.JpaMappingTest" name="allClassMapping">
    <error message="org.hibernate.exception.SQLGrammarException: Table &quot;XM_ASSET&quot; not found; SQL statement:
select asset0_.rfid as rfid2_, asset0_.last_check_time as last2_2_, asset0_.name as name2_, asset0_.room_sn as room5_2_, asset0_.status as status2_ from xm_asset asset0_ [42102-168]" type="javax.persistence.PersistenceException">javax.persistence.PersistenceException: org.hibernate.exception.SQLGrammarException: Table &quot;XM_ASSET&quot; not found; SQL statement:
select asset0_.rfid as rfid2_, asset0_.last_check_time as last2_2_, asset0_.name as name2_, asset0_.room_sn as room5_2_, asset0_.status as status2_ from xm_asset asset0_ [42102-168]
	at org.hibernate.ejb.AbstractEntityManagerImpl.convert(AbstractEntityManagerImpl.java:1377)
	at org.hibernate.ejb.AbstractEntityManagerImpl.convert(AbstractEntityManagerImpl.java:1300)
	at org.hibernate.ejb.QueryImpl.getResultList(QueryImpl.java:266)
	at com.hxcy.core.repository.JpaMappingTest.allClassMapping(JpaMappingTest.java:32)
	at sun.reflect.NativeMethodAccessorImpl.invoke0(Native Method)
	at sun.reflect.NativeMethodAccessorImpl.invoke(NativeMethodAccessorImpl.java:39)
	at sun.reflect.DelegatingMethodAccessorImpl.invoke(DelegatingMethodAccessorImpl.java:25)
	at java.lang.reflect.Method.invoke(Method.java:597)
	at org.junit.runners.model.FrameworkMethod$1.runReflectiveCall(FrameworkMethod.java:45)
	at org.junit.internal.runners.model.ReflectiveCallable.run(ReflectiveCallable.java:15)
	at org.junit.runners.model.FrameworkMethod.invokeExplosively(FrameworkMethod.java:42)
	at org.junit.internal.runners.statements.InvokeMethod.evaluate(InvokeMethod.java:20)
	at org.springframework.test.context.junit4.statements.RunBeforeTestMethodCallbacks.evaluate(RunBeforeTestMethodCallbacks.java:74)
	at org.springframework.test.context.junit4.statements.RunAfterTestMethodCallbacks.evaluate(RunAfterTestMethodCallbacks.java:83)
	at org.springframework.test.context.junit4.statements.SpringRepeat.evaluate(SpringRepeat.java:72)
	at org.springframework.test.context.junit4.SpringJUnit4ClassRunner.runChild(SpringJUnit4ClassRunner.java:231)
	at org.junit.runners.BlockJUnit4ClassRunner.runChild(BlockJUnit4ClassRunner.java:47)
	at org.junit.runners.ParentRunner$3.run(ParentRunner.java:231)
	at org.junit.runners.ParentRunner$1.schedule(ParentRunner.java:60)
	at org.junit.runners.ParentRunner.runChildren(ParentRunner.java:229)
	at org.junit.runners.ParentRunner.access$000(ParentRunner.java:50)
	at org.junit.runners.ParentRunner$2.evaluate(ParentRunner.java:222)
	at org.springframework.test.context.junit4.statements.RunBeforeTestClassCallbacks.evaluate(RunBeforeTestClassCallbacks.java:61)
	at org.springframework.test.context.junit4.statements.RunAfterTestClassCallbacks.evaluate(RunAfterTestClassCallbacks.java:71)
	at org.junit.runners.ParentRunner.run(ParentRunner.java:300)
	at org.springframework.test.context.junit4.SpringJUnit4ClassRunner.run(SpringJUnit4ClassRunner.java:174)
	at org.junit.runners.Suite.runChild(Suite.java:128)
	at org.junit.runners.Suite.runChild(Suite.java:24)
	at org.junit.runners.ParentRunner$3.run(ParentRunner.java:231)
	at org.junit.runners.ParentRunner$1.schedule(ParentRunner.java:60)
	at org.junit.runners.ParentRunner.runChildren(ParentRunner.java:229)
	at org.junit.runners.ParentRunner.access$000(ParentRunner.java:50)
	at org.junit.runners.ParentRunner$2.evaluate(ParentRunner.java:222)
	at org.junit.runners.ParentRunner.run(ParentRunner.java:300)
	at org.junit.runner.JUnitCore.run(JUnitCore.java:157)
	at org.junit.runner.JUnitCore.run(JUnitCore.java:136)
	at org.apache.maven.surefire.junitcore.JUnitCoreWrapper.execute(JUnitCoreWrapper.java:62)
	at org.apache.maven.surefire.junitcore.JUnitCoreProvider.invoke(JUnitCoreProvider.java:139)
	at sun.reflect.NativeMethodAccessorImpl.invoke0(Native Method)
	at sun.reflect.NativeMethodAccessorImpl.invoke(NativeMethodAccessorImpl.java:39)
	at sun.reflect.DelegatingMethodAccessorImpl.invoke(DelegatingMethodAccessorImpl.java:25)
	at java.lang.reflect.Method.invoke(Method.java:597)
	at org.apache.maven.surefire.util.ReflectionUtils.invokeMethodWithArray(ReflectionUtils.java:189)
	at org.apache.maven.surefire.booter.ProviderFactory$ProviderProxy.invoke(ProviderFactory.java:165)
	at org.apache.maven.surefire.booter.ProviderFactory.invokeProvider(ProviderFactory.java:85)
	at org.apache.maven.surefire.booter.ForkedBooter.runSuitesInProcess(ForkedBooter.java:115)
	at org.apache.maven.surefire.booter.ForkedBooter.main(ForkedBooter.java:75)
Caused by: org.hibernate.exception.SQLGrammarException: Table &quot;XM_ASSET&quot; not found; SQL statement:
select asset0_.rfid as rfid2_, asset0_.last_check_time as last2_2_, asset0_.name as name2_, asset0_.room_sn as room5_2_, asset0_.status as status2_ from xm_asset asset0_ [42102-168]
	at org.hibernate.exception.internal.SQLStateConversionDelegate.convert(SQLStateConversionDelegate.java:122)
	at org.hibernate.exception.internal.StandardSQLExceptionConverter.convert(StandardSQLExceptionConverter.java:49)
	at org.hibernate.engine.jdbc.spi.SqlExceptionHelper.convert(SqlExceptionHelper.java:125)
	at org.hibernate.engine.jdbc.spi.SqlExceptionHelper.convert(SqlExceptionHelper.java:110)
	at org.hibernate.engine.jdbc.internal.proxy.ConnectionProxyHandler.continueInvocation(ConnectionProxyHandler.java:146)
	at org.hibernate.engine.jdbc.internal.proxy.AbstractProxyHandler.invoke(AbstractProxyHandler.java:81)
	at $Proxy40.prepareStatement(Unknown Source)
	at org.hibernate.engine.jdbc.internal.StatementPreparerImpl$5.doPrepare(StatementPreparerImpl.java:147)
	at org.hibernate.engine.jdbc.internal.StatementPreparerImpl$StatementPreparationTemplate.prepareStatement(StatementPreparerImpl.java:166)
	at org.hibernate.engine.jdbc.internal.StatementPreparerImpl.prepareQueryStatement(StatementPreparerImpl.java:145)
	at org.hibernate.loader.Loader.prepareQueryStatement(Loader.java:1720)
	at org.hibernate.loader.Loader.executeQueryStatement(Loader.java:1697)
	at org.hibernate.loader.Loader.doQuery(Loader.java:832)
	at org.hibernate.loader.Loader.doQueryAndInitializeNonLazyCollections(Loader.java:293)
	at org.hibernate.loader.Loader.doList(Loader.java:2382)
	at org.hibernate.loader.Loader.doList(Loader.java:2368)
	at org.hibernate.loader.Loader.listIgnoreQueryCache(Loader.java:2198)
	at org.hibernate.loader.Loader.list(Loader.java:2193)
	at org.hibernate.loader.hql.QueryLoader.list(QueryLoader.java:470)
	at org.hibernate.hql.internal.ast.QueryTranslatorImpl.list(QueryTranslatorImpl.java:355)
	at org.hibernate.engine.query.spi.HQLQueryPlan.performList(HQLQueryPlan.java:195)
	at org.hibernate.internal.SessionImpl.list(SessionImpl.java:1244)
	at org.hibernate.internal.QueryImpl.list(QueryImpl.java:101)
	at org.hibernate.ejb.QueryImpl.getResultList(QueryImpl.java:257)
	... 44 more
Caused by: org.h2.jdbc.JdbcSQLException: Table &quot;XM_ASSET&quot; not found; SQL statement:
select asset0_.rfid as rfid2_, asset0_.last_check_time as last2_2_, asset0_.name as name2_, asset0_.room_sn as room5_2_, asset0_.status as status2_ from xm_asset asset0_ [42102-168]
	at org.h2.message.DbException.getJdbcSQLException(DbException.java:329)
	at org.h2.message.DbException.get(DbException.java:169)
	at org.h2.message.DbException.get(DbException.java:146)
	at org.h2.command.Parser.readTableOrView(Parser.java:4770)
	at org.h2.command.Parser.readTableFilter(Parser.java:1084)
	at org.h2.command.Parser.parseSelectSimpleFromPart(Parser.java:1690)
	at org.h2.command.Parser.parseSelectSimple(Parser.java:1797)
	at org.h2.command.Parser.parseSelectSub(Parser.java:1684)
	at org.h2.command.Parser.parseSelectUnion(Parser.java:1527)
	at org.h2.command.Parser.parseSelect(Parser.java:1515)
	at org.h2.command.Parser.parsePrepared(Parser.java:405)
	at org.h2.command.Parser.parse(Parser.java:279)
	at org.h2.command.Parser.parse(Parser.java:251)
	at org.h2.command.Parser.prepareCommand(Parser.java:217)
	at org.h2.engine.Session.prepareLocal(Session.java:415)
	at org.h2.engine.Session.prepareCommand(Session.java:364)
	at org.h2.jdbc.JdbcConnection.prepareCommand(JdbcConnection.java:1109)
	at org.h2.jdbc.JdbcPreparedStatement.&lt;init&gt;(JdbcPreparedStatement.java:74)
	at org.h2.jdbc.JdbcConnection.prepareStatement(JdbcConnection.java:264)
	at sun.reflect.NativeMethodAccessorImpl.invoke0(Native Method)
	at sun.reflect.NativeMethodAccessorImpl.invoke(NativeMethodAccessorImpl.java:39)
	at sun.reflect.DelegatingMethodAccessorImpl.invoke(DelegatingMethodAccessorImpl.java:25)
	at java.lang.reflect.Method.invoke(Method.java:597)
	at org.hibernate.engine.jdbc.internal.proxy.ConnectionProxyHandler.continueInvocation(ConnectionProxyHandler.java:138)
	... 63 more
</error>
    <system-out>2013-03-05 10:36:23,245 [main] WARN  [org.springframework.aop.framework.Cglib2AopProxy] - Unable to proxy method [public final void org.springframework.test.context.junit4.AbstractJUnit4SpringContextTests.setApplicationContext(org.springframework.context.ApplicationContext)] because it is final: All calls to this method via a proxy will be routed directly to the proxy.
2013-03-05 10:36:23,962 [main] WARN  [org.hibernate.engine.jdbc.spi.SqlExceptionHelper] - SQL Error: 42102, SQLState: 42S02
2013-03-05 10:36:23,962 [main] ERROR [org.hibernate.engine.jdbc.spi.SqlExceptionHelper] - Table &quot;XM_ASSET&quot; not found; SQL statement:
select asset0_.rfid as rfid2_, asset0_.last_check_time as last2_2_, asset0_.name as name2_, asset0_.room_sn as room5_2_, asset0_.status as status2_ from xm_asset asset0_ [42102-168]
</system-out>
  </testcase>
</testsuite>