<?xml version="1.0" encoding="UTF-8" ?>
<testsuite failures="0" time="0.447" errors="0" skipped="0" tests="3" name="com.hxcy.core.service.account.AccountServiceTest">
  <properties>
[...]
</properties>
  <testcase time="0.403" classname="com.hxcy.core.service.account.AccountServiceTest" name="registerUser"/>
  <testcase time="0.013" classname="com.hxcy.core.service.account.AccountServiceTest" name="updateUser"/>
  <testcase time="0.031" classname="com.hxcy.core.service.account.AccountServiceTest" name="deleteUser"/>
</testsuite>